


ARM Macro Assembler    Page 1 


    1 00000000                 AREA             PROGRAM,CODE,READONLY ; NAME OF
                                                             THIS BLOCK OF CODE
                                                            
    2 00000000         
    3 00000000                 ENTRY                        ; MAKE FIRST INSTRU
                                                            CTION TO EXECUTE
    4 00000000         
    5 00000000         START
    6 00000000         
    7 00000000 E59F005C        LDR              R0,PINSEL0  ; LOAD PINSEL0 VALU
                                                            E IN R0
    8 00000004         
    9 00000004 E3A01000        LDR              R1,=0X0     ; LOAD CONST VALLUE
                                                             IN R1
   10 00000008         
   11 00000008 E5801000        STR              R1,[R0]     ; STORE FROM R1 TO 
                                                            ADDRESS IN R0
   12 0000000C         
   13 0000000C E59F0044        LDR              R0,IO0DIR   ; LOAD IODIR VALUE 
                                                            IN R0
   14 00000010         
   15 00000010 E59F103C        LDR              R1,OUTPUT   ; LOAD OUTPUT VALUE
                                                             IN R1
   16 00000014         
   17 00000014 E5801000        STR              R1,[R0]     ; STORE FROM R1 TO 
                                                            ADDRESS IN R0
   18 00000018         
   19 00000018         AGAIN
   20 00000018         
   21 00000018 E3A03007        LDR              R3,=0X7     ; LOAD CONST VALUE 
                                                            IN R3
   22 0000001C         
   23 0000001C E59F003C        LDR              R0,IO0CLR   ; LOAD IO0CLR VALLU
                                                            E IN R0
   24 00000020         
   25 00000020 E3A010FF        LDR              R1,=0X000000FF ; LOAD CONST VAL
                                                            UE IN R1
   26 00000024         
   27 00000024 E5801000        STR              R1,[R0]     ; STORE R1 TO ADDRE
                                                            SS IN R0
   28 00000028         
   29 00000028 EB000004        BL               DELAY       ; CALL DELAY SUBROU
                                                            TINE
   30 0000002C         
   31 0000002C E59F0028        LDR              R0,IO0SET   ; LOAD IO SET VALUE
                                                             IN R0
   32 00000030         
   33 00000030 E3A010FF        LDR              R1,=0X000000FF ; LOAD CONST VAL
                                                            UE IN R1
   34 00000034         
   35 00000034 E5801000        STR              R1,[R0]     ; STORE R1 TO ADDRE
                                                            SS IN R0
   36 00000038         
   37 00000038 EB000000        BL               DELAY       ; CALL DELAY SUBROU
                                                            TIN
   38 0000003C         
   39 0000003C EBFFFFF5        BL               AGAIN       ; FOR INFINITE LOOP
                                                            
   40 00000040         



ARM Macro Assembler    Page 2 


   41 00000040         
   42 00000040         DELAY
   43 00000040         
   44 00000040 E3A02C36        LDR              R2,=0X3600  ; LOAD CONST VALUE 
                                                            IN R2
   45 00000044         
   46 00000044         CONTINUEDELAY
   47 00000044         
   48 00000044 E2422001        SUB              R2,R2,#0X1  ; SUBSTRACT REGISTE
                                                            R (R2=R2-0X01)
   49 00000048         
   50 00000048 E3520000        CMP              R2,#0       ; COMPARE THE VALUE
                                                            S R2 AND CONST DATA
                                                            
   51 0000004C         
   52 0000004C 1AFFFFFC        BNE              CONTINUEDELAY ; BRANCH IF NOT E
                                                            QUAL JUMP TO LABEL
   53 00000050         
   54 00000050 E12FFF1E        BX               LR          ; BRANCH TO LR (LIN
                                                            K REGISTER)
   55 00000054         
   56 00000054         ; DEFINE THE VALUES TO WITH MACRO
   57 00000054         OUTPUT
   58 00000054 FFFFFFFF        DCD              0XFFFFFFFF
   59 00000058         
   60 00000058         IO0DIR
   61 00000058 E0028008        DCD              0XE0028008
   62 0000005C         
   63 0000005C         IO0SET
   64 0000005C E0028004        DCD              0XE0028004
   65 00000060         
   66 00000060         IO0CLR
   67 00000060 E002800C        DCD              0XE002800C
   68 00000064         
   69 00000064         PINSEL0
   70 00000064 E002C000        DCD              0XE002C000
   71 00000068         
   72 00000068                 END
Command Line: --debug --xref --diag_suppress=9931 --apcs=interwork --depend=.\o
bjects\led.d -o.\objects\led.o -IC:\Keil_v5\ARM\RV31\INC -IC:\Keil_v5\ARM\CMSIS
\Include -IC:\Keil_v5\ARM\Inc\Philips --predefine="__EVAL SETA 1" --predefine="
__UVISION_VERSION SETA 514" --list=.\listings\led.lst led.s



ARM Macro Assembler    Page 1 Alphabetic symbol ordering
Relocatable symbols

AGAIN 00000018

Symbol: AGAIN
   Definitions
      At line 19 in file led.s
   Uses
      At line 39 in file led.s
Comment: AGAIN used once
CONTINUEDELAY 00000044

Symbol: CONTINUEDELAY
   Definitions
      At line 46 in file led.s
   Uses
      At line 52 in file led.s
Comment: CONTINUEDELAY used once
DELAY 00000040

Symbol: DELAY
   Definitions
      At line 42 in file led.s
   Uses
      At line 29 in file led.s
      At line 37 in file led.s

IO0CLR 00000060

Symbol: IO0CLR
   Definitions
      At line 66 in file led.s
   Uses
      At line 23 in file led.s
Comment: IO0CLR used once
IO0DIR 00000058

Symbol: IO0DIR
   Definitions
      At line 60 in file led.s
   Uses
      At line 13 in file led.s
Comment: IO0DIR used once
IO0SET 0000005C

Symbol: IO0SET
   Definitions
      At line 63 in file led.s
   Uses
      At line 31 in file led.s
Comment: IO0SET used once
OUTPUT 00000054

Symbol: OUTPUT
   Definitions
      At line 57 in file led.s
   Uses
      At line 15 in file led.s
Comment: OUTPUT used once
PINSEL0 00000064




ARM Macro Assembler    Page 2 Alphabetic symbol ordering
Relocatable symbols

Symbol: PINSEL0
   Definitions
      At line 69 in file led.s
   Uses
      At line 7 in file led.s
Comment: PINSEL0 used once
PROGRAM 00000000

Symbol: PROGRAM
   Definitions
      At line 1 in file led.s
   Uses
      None
Comment: PROGRAM unused
START 00000000

Symbol: START
   Definitions
      At line 5 in file led.s
   Uses
      None
Comment: START unused
10 symbols
342 symbols in table
